<?xml version="1.0" encoding="UTF-8"?>
<!-- Generated by org.testng.reporters.JUnitXMLReporter -->
<testsuite hostname="Upendra-Macbook-Pro.local" ignored="0" name="Default test" tests="3" failures="0" timestamp="2019-09-08T15:24:15 IST" time="28.071" errors="0">
  <testcase name="loginPageTitleTest" time="0.148" classname="com.crm.qa.testcases.LoginPageTest"/>
  <testcase name="crmLogoImageTest" time="0.145" classname="com.crm.qa.testcases.LoginPageTest"/>
  <testcase name="loginTest" time="7.454" classname="com.crm.qa.testcases.LoginPageTest"/>
</testsuite> <!-- Default test -->
