<?xml version="1.0" encoding="UTF-8"?>
<!-- Generated by org.testng.reporters.JUnitXMLReporter -->
<testsuite hostname="Upendra-Macbook-Pro.local" ignored="0" name="Default test" tests="3" failures="0" timestamp="2019-09-15T13:33:15 IST" time="63.945" errors="0">
  <testcase name="loginTest" time="21.879" classname="com.crm.qa.testcases.LoginPageTest"/>
  <testcase name="crmLogoImageTest" time="0.213" classname="com.crm.qa.testcases.LoginPageTest"/>
  <testcase name="loginPageTitleTest" time="0.016" classname="com.crm.qa.testcases.LoginPageTest"/>
</testsuite> <!-- Default test -->
