<?xml version="1.0" encoding="UTF-8"?>
<!-- Generated by org.testng.reporters.JUnitXMLReporter -->
<testsuite hostname="Upendra-Macbook-Pro.local" ignored="0" name="Command line test" tests="2" failures="1" timestamp="10 Sep 2019 06:25:56 GMT" time="27.793" errors="0">
  <testcase name="verifyHomePageTitleTest" time="0.014" classname="com.crm.qa.testcases.HomePageTest">
    <failure type="junit.framework.ComparisonFailure" message="expected:&amp;lt;Authentication required&amp;gt; but was:&amp;lt;Online Shopping site in India: Shop Online for Mobiles, Books, Watches, Shoes and More - Amazon.in&amp;gt;">
      <![CDATA[junit.framework.ComparisonFailure: expected:<Authentication required> but was:<Online Shopping site in India: Shop Online for Mobiles, Books, Watches, Shoes and More - Amazon.in>
at junit.framework.Assert.assertEquals(Assert.java:81)
at junit.framework.Assert.assertEquals(Assert.java:87)
at com.crm.qa.testcases.HomePageTest.verifyHomePageTitleTest(HomePageTest.java:44)
... Removed 35 stack frames]]>
    </failure>
  </testcase> <!-- verifyHomePageTitleTest -->
  <testcase name="loginPageTitleTest" time="0.113" classname="com.crm.qa.testcases.LoginPageTest"/>
</testsuite> <!-- Command line test -->
