<?xml version="1.0" encoding="UTF-8" ?>
<testsuite tests="2" failures="1" name="TestSuite" time="0.142" errors="0" skipped="0">
  <properties>
[...]
</properties>
  <testcase classname="com.crm.qa.testcases.HomePageTest" name="verifyHomePageTitleTest" time="0.029">
    <failure message="expected:&lt;Authentication required&gt; but was:&lt;Online Shopping site in India: Shop Online for Mobiles, Books, Watches, Shoes and More - Amazon.in&gt;" type="junit.framework.ComparisonFailure">junit.framework.ComparisonFailure: expected:&lt;Authentication required&gt; but was:&lt;Online Shopping site in India: Shop Online for Mobiles, Books, Watches, Shoes and More - Amazon.in&gt;
	at junit.framework.Assert.assertEquals(Assert.java:81)
	at junit.framework.Assert.assertEquals(Assert.java:87)
	at com.crm.qa.testcases.HomePageTest.verifyHomePageTitleTest(HomePageTest.java:44)
</failure>
    <system-out>Configuring TestNG with: org.apache.maven.surefire.testng.conf.TestNG652Configurator@3b22cdd0
Before navigating to: &apos;https://www.amazon.in//&apos;
Navigated to:&apos;https://www.amazon.in//&apos;
INFO [Logs]: in Login Page
return it is null
INFO [Logs]: Signin before moving towards the Login Page
return it is null
INFO [Logs]: Login with username9921116285 and password Siemens@123
return it is null
Trying to find Element By : By.xpath: //*[@id=&quot;nav-link-accountList&quot;]
Found Element By : By.xpath: //*[@id=&quot;nav-link-accountList&quot;]
Trying to click on: [[ChromeDriver: chrome on MAC (5803fef2c055474e7a539ff3719323f0)] -&gt; xpath: //*[@id=&quot;nav-link-accountList&quot;]]
Clicked on: [[ChromeDriver: chrome on MAC (5803fef2c055474e7a539ff3719323f0)] -&gt; xpath: //*[@id=&quot;nav-link-accountList&quot;]]
Trying to find Element By : By.xpath: //*[@id=&quot;ap_email&quot;]
Found Element By : By.xpath: //*[@id=&quot;ap_email&quot;]
Trying to find Element By : By.xpath: //*[@id=&quot;continue&quot;]
Found Element By : By.xpath: //*[@id=&quot;continue&quot;]
Trying to click on: [[ChromeDriver: chrome on MAC (5803fef2c055474e7a539ff3719323f0)] -&gt; xpath: //*[@id=&quot;continue&quot;]]
Clicked on: [[ChromeDriver: chrome on MAC (5803fef2c055474e7a539ff3719323f0)] -&gt; xpath: //*[@id=&quot;continue&quot;]]
Trying to find Element By : By.xpath: //*[@id=&quot;ap_password&quot;]
Found Element By : By.xpath: //*[@id=&quot;ap_password&quot;]
Trying to find Element By : By.xpath: //*[@id=&quot;signInSubmit&quot;]
Found Element By : By.xpath: //*[@id=&quot;signInSubmit&quot;]
Trying to click on: [[ChromeDriver: chrome on MAC (5803fef2c055474e7a539ff3719323f0)] -&gt; xpath: //*[@id=&quot;signInSubmit&quot;]]
Clicked on: [[ChromeDriver: chrome on MAC (5803fef2c055474e7a539ff3719323f0)] -&gt; xpath: //*[@id=&quot;signInSubmit&quot;]]
INFO [Logs]: Home Page got intialized
return it is null
INFO [Logs]: verify homePage title test started
return it is null
</system-out>
    <system-err>Starting ChromeDriver 76.0.3809.68 (420c9498db8ce8fcd190a954d51297672c1515d5-refs/branch-heads/3809@{#864}) on port 40053
Only local connections are allowed.
Please protect ports used by ChromeDriver and related test frameworks to prevent access by malicious code.
Sep 10, 2019 11:55:33 AM org.openqa.selenium.remote.ProtocolHandshake createSession
INFO: Detected dialect: W3C
</system-err>
  </testcase>
  <testcase classname="com.crm.qa.testcases.LoginPageTest" name="loginPageTitleTest" time="0.113"/>
</testsuite>